<?xml version="1.0" encoding="UTF-8"?>
<!-- Generated by org.testng.reporters.JUnitReportReporter -->
<testsuite hostname="LAPTOP-1VCI3F8D" failures="0" tests="3" name="Testing.Practisetestng" time="0.013" errors="0" timestamp="2023-04-01T08:10:58 IST" skipped="0">
  <testcase classname="Testing.Practisetestng" name="TestB" time="0.007"/>
  <system-out/>
  <testcase classname="Testing.Practisetestng" name="TestC" time="0.004"/>
  <system-out/>
  <testcase classname="Testing.Practisetestng" name="TestA" time="0.002"/>
  <system-out/>
</testsuite> <!-- Testing.Practisetestng -->
